2025-08-02 21:33:56,153 - __main__ - INFO - Бот успешно инициализирован
2025-08-02 21:33:56,154 - __main__ - INFO - Токен GigaChat успешно загружен
2025-08-02 21:38:37,881 - __main__ - INFO - Бот успешно инициализирован
2025-08-02 21:38:37,881 - __main__ - INFO - Токен GigaChat успешно загружен
2025-08-02 21:38:58,865 - __main__ - INFO - Бот успешно инициализирован
2025-08-02 21:38:58,865 - __main__ - INFO - Токен GigaChat успешно загружен
2025-08-02 21:44:24,802 - __main__ - INFO - Бот успешно инициализирован
2025-08-02 21:44:24,802 - __main__ - INFO - Токен GigaChat успешно загружен
2025-08-02 21:44:24,804 - __main__ - WARNING - Файл knowledge_base.json не найден, используются базовые вопросы
2025-08-02 21:44:24,808 - __main__ - INFO - База знаний успешно заполнена (0 записей добавлено)
2025-08-02 21:44:24,808 - __main__ - INFO - Бот запущен...
2025-08-02 21:44:33,044 - __main__ - INFO - Зарегистрирован новый пользователь: 5127546061
2025-08-02 21:45:58,363 - __main__ - ERROR - Ошибка API GigaChat: 401 - {"status":401,"message":"Unauthorized"}

2025-08-02 21:46:21,056 - TeleBot - ERROR - Infinity polling: polling exited
2025-08-02 21:46:21,056 - TeleBot - ERROR - Break infinity polling
2025-08-04 14:06:53,356 - __main__ - INFO - Бот успешно инициализирован
2025-08-04 14:06:53,443 - __main__ - INFO - Токен GigaChat успешно загружен
2025-08-04 14:06:53,462 - __main__ - INFO - Бот запущен...
2025-08-04 14:08:39,751 - __main__ - ERROR - Ошибка API GigaChat: 401 - {"status":401,"message":"Unauthorized"}

2025-08-04 14:14:20,287 - TeleBot - ERROR - Infinity polling: polling exited
2025-08-04 14:14:20,288 - TeleBot - ERROR - Break infinity polling
2025-08-04 14:15:00,995 - __main__ - INFO - Бот успешно инициализирован
2025-08-04 14:15:00,995 - __main__ - INFO - Токен GigaChat успешно загружен
2025-08-04 14:15:00,998 - __main__ - INFO - Бот запущен...
2025-08-04 14:15:16,019 - __main__ - INFO - Отправка запроса к GigaChat. URL: https://gigachat.devices.sberbank.ru/api/v1/chat/completions
2025-08-04 14:15:16,019 - __main__ - INFO - Заголовки запроса (без токена): {'Content-Type': 'application/json'}
2025-08-04 14:15:16,019 - __main__ - INFO - Тело запроса: {"model": "GigaChat", "messages": [{"role": "user", "content": "ты кто"}], "temperature": 0.7}
2025-08-04 14:15:16,217 - __main__ - INFO - Получен ответ от GigaChat. Статус: 401
2025-08-04 14:15:16,217 - __main__ - INFO - Текст ответа: {"status":401,"message":"Unauthorized"}

2025-08-04 14:15:16,218 - __main__ - ERROR - Ошибка API GigaChat: 401 - {"status":401,"message":"Unauthorized"}

2025-08-04 14:28:18,023 - TeleBot - ERROR - Infinity polling: polling exited
2025-08-04 14:28:18,024 - TeleBot - ERROR - Break infinity polling
2025-08-04 19:15:25,814 - __main__ - INFO - Бот успешно инициализирован
2025-08-04 19:15:25,815 - __main__ - INFO - Токен GigaChat успешно загружен
2025-08-04 19:15:25,829 - __main__ - INFO - Бот запущен...
2025-08-04 19:36:42,420 - TeleBot - ERROR - Infinity polling: polling exited
2025-08-04 19:36:42,420 - TeleBot - ERROR - Break infinity polling
